<?xml version="1.0" encoding="UTF-8"?>
<!-- Generated by org.testng.reporters.JUnitReportReporter -->
<testsuite skipped="0" hostname="LAPTOP-2DRNIN91" name="com.orangehrmlive.testsuite.LoginPageTest" tests="2" failures="0" timestamp="2022-12-15T12:42:10 GMT" time="22.781" errors="0">
  <testcase name="userShouldNavigateToForgotPasswordPageSuccessfully" time="9.972" classname="com.orangehrmlive.testsuite.LoginPageTest"/>
  <system-out>
    <![CDATA[Clicked on forgot password link [[ChromeDriver: chrome on WINDOWS (f6cee1c5a4f9ce6799f677a59f1aa230)] -> xpath: //p[text()='Forgot your password? ']]]]>
  </system-out>
  <testcase name="userShouldLoginSuccessfullyWithValidCredentials" time="12.809" classname="com.orangehrmlive.testsuite.LoginPageTest"/>
  <system-out>
    <![CDATA[Entered user name Admin in user name field [[ChromeDriver: chrome on WINDOWS (009f3413ec1a213df62cef0887aa4a03)] -> name: username]
Entered password admin123 in password field [[ChromeDriver: chrome on WINDOWS (009f3413ec1a213df62cef0887aa4a03)] -> name: password]
Clicked on login button [[ChromeDriver: chrome on WINDOWS (009f3413ec1a213df62cef0887aa4a03)] -> xpath: //button[text()[normalize-space()='Login']]]]]>
  </system-out>
</testsuite> <!-- com.orangehrmlive.testsuite.LoginPageTest -->
